0 info it worked if it ends with ok
1 verbose cli [ 'C:\\Program Files\\nodejs\\node.exe',
1 verbose cli   'C:\\Program Files\\nodejs\\node_modules\\npm\\bin\\npm-cli.js',
1 verbose cli   'run',
1 verbose cli   'test' ]
2 info using npm@4.1.2
3 info using node@v7.6.0
4 verbose run-script [ 'pretest', 'test', 'posttest' ]
5 info lifecycle wallabag-api@0.0.2~pretest: wallabag-api@0.0.2
6 silly lifecycle wallabag-api@0.0.2~pretest: no script for pretest, continuing
7 info lifecycle wallabag-api@0.0.2~test: wallabag-api@0.0.2
8 verbose lifecycle wallabag-api@0.0.2~test: unsafe-perm in lifecycle true
9 verbose lifecycle wallabag-api@0.0.2~test: PATH: C:\Program Files\nodejs\node_modules\npm\bin\node-gyp-bin;c:\Work\wallabag-api\node_modules\.bin;c:\utils;c:\utils\7z;c:\L\malahit;C:\Oracle\product\11.2.0\client_x86\bin;C:\oracle\ora92\bin;C:\Oracle\product\11.2.0\client_x64\bin;C:\Windows\system32;C:\Windows;C:\Windows\System32\Wbem;C:\Windows\Microsoft.NET\Framework\v4.0.30319\;C:\Program Files (x86)\nodejs;C:\Program Files (x86)\git\bin;C:\Python27;C:\Python27\Scripts;C:\Program Files\Git\cmd;C:\Program Files\Calibre2\;C:\ProgramData\chocolatey\bin;C:\Program Files\OpenVPN\bin;C:\Program Files\nodejs\;C:\Program Files\dotnet\;C:\Program Files (x86)\Yarn\bin;C:\Program Files (x86)\Microsoft VS Code\bin;C:\Program Files\dotnet;C:\Go\bin;C:\ProgramData\chocolatey\bin;C:\Users\yevdokimov\AppData\Roaming\npm;C:\Users\yevdokimov\AppData\Local\Yarn\bin
10 verbose lifecycle wallabag-api@0.0.2~test: CWD: c:\Work\wallabag-api
11 silly lifecycle wallabag-api@0.0.2~test: Args: [ '/d /s /c',
11 silly lifecycle   'npm run build && mocha --compilers ts:ts-node/register --recursive test/**/*-spec.ts' ]
12 silly lifecycle wallabag-api@0.0.2~test: Returned: code: 1  signal: null
13 info lifecycle wallabag-api@0.0.2~test: Failed to exec test script
14 verbose stack Error: wallabag-api@0.0.2 test: `npm run build && mocha --compilers ts:ts-node/register --recursive test/**/*-spec.ts`
14 verbose stack Exit status 1
14 verbose stack     at EventEmitter.<anonymous> (C:\Program Files\nodejs\node_modules\npm\lib\utils\lifecycle.js:279:16)
14 verbose stack     at emitTwo (events.js:106:13)
14 verbose stack     at EventEmitter.emit (events.js:192:7)
14 verbose stack     at ChildProcess.<anonymous> (C:\Program Files\nodejs\node_modules\npm\lib\utils\spawn.js:40:14)
14 verbose stack     at emitTwo (events.js:106:13)
14 verbose stack     at ChildProcess.emit (events.js:192:7)
14 verbose stack     at maybeClose (internal/child_process.js:890:16)
14 verbose stack     at Process.ChildProcess._handle.onexit (internal/child_process.js:226:5)
15 verbose pkgid wallabag-api@0.0.2
16 verbose cwd c:\Work\wallabag-api
17 error Windows_NT 6.1.7601
18 error argv "C:\\Program Files\\nodejs\\node.exe" "C:\\Program Files\\nodejs\\node_modules\\npm\\bin\\npm-cli.js" "run" "test"
19 error node v7.6.0
20 error npm  v4.1.2
21 error code ELIFECYCLE
22 error wallabag-api@0.0.2 test: `npm run build && mocha --compilers ts:ts-node/register --recursive test/**/*-spec.ts`
22 error Exit status 1
23 error Failed at the wallabag-api@0.0.2 test script 'npm run build && mocha --compilers ts:ts-node/register --recursive test/**/*-spec.ts'.
23 error Make sure you have the latest version of node.js and npm installed.
23 error If you do, this is most likely a problem with the wallabag-api package,
23 error not with npm itself.
23 error Tell the author that this fails on your system:
23 error     npm run build && mocha --compilers ts:ts-node/register --recursive test/**/*-spec.ts
23 error You can get information on how to open an issue for this project with:
23 error     npm bugs wallabag-api
23 error Or if that isn't available, you can get their info via:
23 error     npm owner ls wallabag-api
23 error There is likely additional logging output above.
24 verbose exit [ 1, true ]
